<?xml version="1.0" encoding="UTF-8"?>
<testsuite name="agiletrack.AcceptanceCriteriaControllerSpec" tests="7" skipped="0" failures="5" errors="0" timestamp="2016-03-27T17:08:54" hostname="ubuntu" time="0.464">
  <properties/>
  <testcase name="Test the index action returns the correct model" classname="agiletrack.AcceptanceCriteriaControllerSpec" time="0.266"/>
  <testcase name="Test the create action returns the correct model" classname="agiletrack.AcceptanceCriteriaControllerSpec" time="0.012"/>
  <testcase name="Test the save action correctly persists an instance" classname="agiletrack.AcceptanceCriteriaControllerSpec" time="0.011">
    <failure message="Condition not satisfied:&#10;&#10;false&#10;&#10;TODO: Provide a populateValidParams() implementation for this generated test suite&#10;" type="org.spockframework.runtime.ConditionNotSatisfiedError">Condition not satisfied:

false

TODO: Provide a populateValidParams() implementation for this generated test suite

	at agiletrack.AcceptanceCriteriaControllerSpec.populateValidParams(AcceptanceCriteriaControllerSpec.groovy:15)
	at agiletrack.AcceptanceCriteriaControllerSpec.Test the save action correctly persists an instance(AcceptanceCriteriaControllerSpec.groovy:51)
</failure>
  </testcase>
  <testcase name="Test that the show action returns the correct model" classname="agiletrack.AcceptanceCriteriaControllerSpec" time="0.025">
    <failure message="Condition not satisfied:&#10;&#10;false&#10;&#10;TODO: Provide a populateValidParams() implementation for this generated test suite&#10;" type="org.spockframework.runtime.ConditionNotSatisfiedError">Condition not satisfied:

false

TODO: Provide a populateValidParams() implementation for this generated test suite

	at agiletrack.AcceptanceCriteriaControllerSpec.populateValidParams(AcceptanceCriteriaControllerSpec.groovy:15)
	at agiletrack.AcceptanceCriteriaControllerSpec.Test that the show action returns the correct model(AcceptanceCriteriaControllerSpec.groovy:70)
</failure>
  </testcase>
  <testcase name="Test that the edit action returns the correct model" classname="agiletrack.AcceptanceCriteriaControllerSpec" time="0.027">
    <failure message="Condition not satisfied:&#10;&#10;false&#10;&#10;TODO: Provide a populateValidParams() implementation for this generated test suite&#10;" type="org.spockframework.runtime.ConditionNotSatisfiedError">Condition not satisfied:

false

TODO: Provide a populateValidParams() implementation for this generated test suite

	at agiletrack.AcceptanceCriteriaControllerSpec.populateValidParams(AcceptanceCriteriaControllerSpec.groovy:15)
	at agiletrack.AcceptanceCriteriaControllerSpec.Test that the edit action returns the correct model(AcceptanceCriteriaControllerSpec.groovy:86)
</failure>
  </testcase>
  <testcase name="Test the update action performs an update on a valid domain instance" classname="agiletrack.AcceptanceCriteriaControllerSpec" time="0.096">
    <failure message="Condition not satisfied:&#10;&#10;false&#10;&#10;TODO: Provide a populateValidParams() implementation for this generated test suite&#10;" type="org.spockframework.runtime.ConditionNotSatisfiedError">Condition not satisfied:

false

TODO: Provide a populateValidParams() implementation for this generated test suite

	at agiletrack.AcceptanceCriteriaControllerSpec.populateValidParams(AcceptanceCriteriaControllerSpec.groovy:15)
	at agiletrack.AcceptanceCriteriaControllerSpec.Test the update action performs an update on a valid domain instance(AcceptanceCriteriaControllerSpec.groovy:116)
</failure>
  </testcase>
  <testcase name="Test that the delete action deletes an instance if it exists" classname="agiletrack.AcceptanceCriteriaControllerSpec" time="0.025">
    <failure message="Condition not satisfied:&#10;&#10;false&#10;&#10;TODO: Provide a populateValidParams() implementation for this generated test suite&#10;" type="org.spockframework.runtime.ConditionNotSatisfiedError">Condition not satisfied:

false

TODO: Provide a populateValidParams() implementation for this generated test suite

	at agiletrack.AcceptanceCriteriaControllerSpec.populateValidParams(AcceptanceCriteriaControllerSpec.groovy:15)
	at agiletrack.AcceptanceCriteriaControllerSpec.Test that the delete action deletes an instance if it exists(AcceptanceCriteriaControllerSpec.groovy:138)
</failure>
  </testcase>
  <system-out><![CDATA[]]></system-out>
  <system-err><![CDATA[]]></system-err>
</testsuite>
