<?xml version="1.0" encoding="UTF-8"?>
<testsuite name="agiletrack.TaskControllerSpec" tests="7" skipped="0" failures="5" errors="0" timestamp="2016-03-27T17:08:52" hostname="ubuntu" time="0.504">
  <properties/>
  <testcase name="Test the index action returns the correct model" classname="agiletrack.TaskControllerSpec" time="0.276"/>
  <testcase name="Test the create action returns the correct model" classname="agiletrack.TaskControllerSpec" time="0.02"/>
  <testcase name="Test the save action correctly persists an instance" classname="agiletrack.TaskControllerSpec" time="0.03">
    <failure message="Condition not satisfied:&#10;&#10;false&#10;&#10;TODO: Provide a populateValidParams() implementation for this generated test suite&#10;" type="org.spockframework.runtime.ConditionNotSatisfiedError">Condition not satisfied:

false

TODO: Provide a populateValidParams() implementation for this generated test suite

	at agiletrack.TaskControllerSpec.populateValidParams(TaskControllerSpec.groovy:15)
	at agiletrack.TaskControllerSpec.Test the save action correctly persists an instance(TaskControllerSpec.groovy:51)
</failure>
  </testcase>
  <testcase name="Test that the show action returns the correct model" classname="agiletrack.TaskControllerSpec" time="0.018">
    <failure message="Condition not satisfied:&#10;&#10;false&#10;&#10;TODO: Provide a populateValidParams() implementation for this generated test suite&#10;" type="org.spockframework.runtime.ConditionNotSatisfiedError">Condition not satisfied:

false

TODO: Provide a populateValidParams() implementation for this generated test suite

	at agiletrack.TaskControllerSpec.populateValidParams(TaskControllerSpec.groovy:15)
	at agiletrack.TaskControllerSpec.Test that the show action returns the correct model(TaskControllerSpec.groovy:70)
</failure>
  </testcase>
  <testcase name="Test that the edit action returns the correct model" classname="agiletrack.TaskControllerSpec" time="0.038">
    <failure message="Condition not satisfied:&#10;&#10;false&#10;&#10;TODO: Provide a populateValidParams() implementation for this generated test suite&#10;" type="org.spockframework.runtime.ConditionNotSatisfiedError">Condition not satisfied:

false

TODO: Provide a populateValidParams() implementation for this generated test suite

	at agiletrack.TaskControllerSpec.populateValidParams(TaskControllerSpec.groovy:15)
	at agiletrack.TaskControllerSpec.Test that the edit action returns the correct model(TaskControllerSpec.groovy:86)
</failure>
  </testcase>
  <testcase name="Test the update action performs an update on a valid domain instance" classname="agiletrack.TaskControllerSpec" time="0.111">
    <failure message="Condition not satisfied:&#10;&#10;false&#10;&#10;TODO: Provide a populateValidParams() implementation for this generated test suite&#10;" type="org.spockframework.runtime.ConditionNotSatisfiedError">Condition not satisfied:

false

TODO: Provide a populateValidParams() implementation for this generated test suite

	at agiletrack.TaskControllerSpec.populateValidParams(TaskControllerSpec.groovy:15)
	at agiletrack.TaskControllerSpec.Test the update action performs an update on a valid domain instance(TaskControllerSpec.groovy:116)
</failure>
  </testcase>
  <testcase name="Test that the delete action deletes an instance if it exists" classname="agiletrack.TaskControllerSpec" time="0.01">
    <failure message="Condition not satisfied:&#10;&#10;false&#10;&#10;TODO: Provide a populateValidParams() implementation for this generated test suite&#10;" type="org.spockframework.runtime.ConditionNotSatisfiedError">Condition not satisfied:

false

TODO: Provide a populateValidParams() implementation for this generated test suite

	at agiletrack.TaskControllerSpec.populateValidParams(TaskControllerSpec.groovy:15)
	at agiletrack.TaskControllerSpec.Test that the delete action deletes an instance if it exists(TaskControllerSpec.groovy:138)
</failure>
  </testcase>
  <system-out><![CDATA[]]></system-out>
  <system-err><![CDATA[]]></system-err>
</testsuite>
