<?xml version="1.0" encoding="UTF-8"?>
<testsuite name="agiletrack.InvestimentThemeControllerSpec" tests="7" skipped="0" failures="5" errors="0" timestamp="2016-03-27T17:08:56" hostname="ubuntu" time="0.45">
  <properties/>
  <testcase name="Test the index action returns the correct model" classname="agiletrack.InvestimentThemeControllerSpec" time="0.303"/>
  <testcase name="Test the create action returns the correct model" classname="agiletrack.InvestimentThemeControllerSpec" time="0.012"/>
  <testcase name="Test the save action correctly persists an instance" classname="agiletrack.InvestimentThemeControllerSpec" time="0.012">
    <failure message="Condition not satisfied:&#10;&#10;false&#10;&#10;TODO: Provide a populateValidParams() implementation for this generated test suite&#10;" type="org.spockframework.runtime.ConditionNotSatisfiedError">Condition not satisfied:

false

TODO: Provide a populateValidParams() implementation for this generated test suite

	at agiletrack.InvestimentThemeControllerSpec.populateValidParams(InvestimentThemeControllerSpec.groovy:15)
	at agiletrack.InvestimentThemeControllerSpec.Test the save action correctly persists an instance(InvestimentThemeControllerSpec.groovy:51)
</failure>
  </testcase>
  <testcase name="Test that the show action returns the correct model" classname="agiletrack.InvestimentThemeControllerSpec" time="0.021">
    <failure message="Condition not satisfied:&#10;&#10;false&#10;&#10;TODO: Provide a populateValidParams() implementation for this generated test suite&#10;" type="org.spockframework.runtime.ConditionNotSatisfiedError">Condition not satisfied:

false

TODO: Provide a populateValidParams() implementation for this generated test suite

	at agiletrack.InvestimentThemeControllerSpec.populateValidParams(InvestimentThemeControllerSpec.groovy:15)
	at agiletrack.InvestimentThemeControllerSpec.Test that the show action returns the correct model(InvestimentThemeControllerSpec.groovy:70)
</failure>
  </testcase>
  <testcase name="Test that the edit action returns the correct model" classname="agiletrack.InvestimentThemeControllerSpec" time="0.021">
    <failure message="Condition not satisfied:&#10;&#10;false&#10;&#10;TODO: Provide a populateValidParams() implementation for this generated test suite&#10;" type="org.spockframework.runtime.ConditionNotSatisfiedError">Condition not satisfied:

false

TODO: Provide a populateValidParams() implementation for this generated test suite

	at agiletrack.InvestimentThemeControllerSpec.populateValidParams(InvestimentThemeControllerSpec.groovy:15)
	at agiletrack.InvestimentThemeControllerSpec.Test that the edit action returns the correct model(InvestimentThemeControllerSpec.groovy:86)
</failure>
  </testcase>
  <testcase name="Test the update action performs an update on a valid domain instance" classname="agiletrack.InvestimentThemeControllerSpec" time="0.067">
    <failure message="Condition not satisfied:&#10;&#10;false&#10;&#10;TODO: Provide a populateValidParams() implementation for this generated test suite&#10;" type="org.spockframework.runtime.ConditionNotSatisfiedError">Condition not satisfied:

false

TODO: Provide a populateValidParams() implementation for this generated test suite

	at agiletrack.InvestimentThemeControllerSpec.populateValidParams(InvestimentThemeControllerSpec.groovy:15)
	at agiletrack.InvestimentThemeControllerSpec.Test the update action performs an update on a valid domain instance(InvestimentThemeControllerSpec.groovy:116)
</failure>
  </testcase>
  <testcase name="Test that the delete action deletes an instance if it exists" classname="agiletrack.InvestimentThemeControllerSpec" time="0.012">
    <failure message="Condition not satisfied:&#10;&#10;false&#10;&#10;TODO: Provide a populateValidParams() implementation for this generated test suite&#10;" type="org.spockframework.runtime.ConditionNotSatisfiedError">Condition not satisfied:

false

TODO: Provide a populateValidParams() implementation for this generated test suite

	at agiletrack.InvestimentThemeControllerSpec.populateValidParams(InvestimentThemeControllerSpec.groovy:15)
	at agiletrack.InvestimentThemeControllerSpec.Test that the delete action deletes an instance if it exists(InvestimentThemeControllerSpec.groovy:138)
</failure>
  </testcase>
  <system-out><![CDATA[]]></system-out>
  <system-err><![CDATA[]]></system-err>
</testsuite>
