<?xml version="1.0" encoding="UTF-8"?>
<testsuite name="agiletrack.FeaturesControllerSpec" tests="7" skipped="0" failures="5" errors="0" timestamp="2016-03-26T20:21:02" hostname="ubuntu" time="0.456">
  <properties/>
  <testcase name="Test the index action returns the correct model" classname="agiletrack.FeaturesControllerSpec" time="0.277"/>
  <testcase name="Test the create action returns the correct model" classname="agiletrack.FeaturesControllerSpec" time="0.012"/>
  <testcase name="Test the save action correctly persists an instance" classname="agiletrack.FeaturesControllerSpec" time="0.011">
    <failure message="Condition not satisfied:&#10;&#10;false&#10;&#10;TODO: Provide a populateValidParams() implementation for this generated test suite&#10;" type="org.spockframework.runtime.ConditionNotSatisfiedError">Condition not satisfied:

false

TODO: Provide a populateValidParams() implementation for this generated test suite

	at agiletrack.FeaturesControllerSpec.populateValidParams(FeaturesControllerSpec.groovy:15)
	at agiletrack.FeaturesControllerSpec.Test the save action correctly persists an instance(FeaturesControllerSpec.groovy:51)
</failure>
  </testcase>
  <testcase name="Test that the show action returns the correct model" classname="agiletrack.FeaturesControllerSpec" time="0.024">
    <failure message="Condition not satisfied:&#10;&#10;false&#10;&#10;TODO: Provide a populateValidParams() implementation for this generated test suite&#10;" type="org.spockframework.runtime.ConditionNotSatisfiedError">Condition not satisfied:

false

TODO: Provide a populateValidParams() implementation for this generated test suite

	at agiletrack.FeaturesControllerSpec.populateValidParams(FeaturesControllerSpec.groovy:15)
	at agiletrack.FeaturesControllerSpec.Test that the show action returns the correct model(FeaturesControllerSpec.groovy:70)
</failure>
  </testcase>
  <testcase name="Test that the edit action returns the correct model" classname="agiletrack.FeaturesControllerSpec" time="0.018">
    <failure message="Condition not satisfied:&#10;&#10;false&#10;&#10;TODO: Provide a populateValidParams() implementation for this generated test suite&#10;" type="org.spockframework.runtime.ConditionNotSatisfiedError">Condition not satisfied:

false

TODO: Provide a populateValidParams() implementation for this generated test suite

	at agiletrack.FeaturesControllerSpec.populateValidParams(FeaturesControllerSpec.groovy:15)
	at agiletrack.FeaturesControllerSpec.Test that the edit action returns the correct model(FeaturesControllerSpec.groovy:86)
</failure>
  </testcase>
  <testcase name="Test the update action performs an update on a valid domain instance" classname="agiletrack.FeaturesControllerSpec" time="0.074">
    <failure message="Condition not satisfied:&#10;&#10;false&#10;&#10;TODO: Provide a populateValidParams() implementation for this generated test suite&#10;" type="org.spockframework.runtime.ConditionNotSatisfiedError">Condition not satisfied:

false

TODO: Provide a populateValidParams() implementation for this generated test suite

	at agiletrack.FeaturesControllerSpec.populateValidParams(FeaturesControllerSpec.groovy:15)
	at agiletrack.FeaturesControllerSpec.Test the update action performs an update on a valid domain instance(FeaturesControllerSpec.groovy:116)
</failure>
  </testcase>
  <testcase name="Test that the delete action deletes an instance if it exists" classname="agiletrack.FeaturesControllerSpec" time="0.038">
    <failure message="Condition not satisfied:&#10;&#10;false&#10;&#10;TODO: Provide a populateValidParams() implementation for this generated test suite&#10;" type="org.spockframework.runtime.ConditionNotSatisfiedError">Condition not satisfied:

false

TODO: Provide a populateValidParams() implementation for this generated test suite

	at agiletrack.FeaturesControllerSpec.populateValidParams(FeaturesControllerSpec.groovy:15)
	at agiletrack.FeaturesControllerSpec.Test that the delete action deletes an instance if it exists(FeaturesControllerSpec.groovy:138)
</failure>
  </testcase>
  <system-out><![CDATA[]]></system-out>
  <system-err><![CDATA[]]></system-err>
</testsuite>
